<?xml version="1.0" encoding="UTF-8"?>
<testng-results skipped="0" failed="0" total="1" passed="1">
  <reporter-output>
  </reporter-output>
  <suite name="Test Suite" duration-ms="49095" started-at="2017-04-17T12:40:39Z" finished-at="2017-04-17T12:41:28Z">
    <groups>
    </groups>
    <test name="test1 testcases" duration-ms="49095" started-at="2017-04-17T12:40:39Z" finished-at="2017-04-17T12:41:28Z">
      <class name="testcases.test1">
        <test-method status="PASS" signature="setUp()[pri:0, instance:testcases.test1@180dd34]" name="setUp" is-config="true" duration-ms="23086" started-at="2017-04-17T20:40:39Z" finished-at="2017-04-17T20:41:02Z">
          <reporter-output>
          </reporter-output>
        </test-method> <!-- setUp -->
        <test-method status="PASS" signature="test()[pri:0, instance:testcases.test1@180dd34]" name="test" duration-ms="25929" started-at="2017-04-17T20:41:02Z" finished-at="2017-04-17T20:41:28Z">
          <reporter-output>
          </reporter-output>
        </test-method> <!-- test -->
      </class> <!-- testcases.test1 -->
    </test> <!-- test1 testcases -->
  </suite> <!-- Test Suite -->
</testng-results>
